生成启动时间为 29-Feb-16 8:33:49 PM。
     1>项目“C:\Users\Zheyuan Gao\Documents\GitHub\xml2db\project\XmltoDatabase\XmltoDatabase\XmltoDatabase.vcxproj”在节点 2 上(Build 个目标)。
     1>ClCompile:
         C:\Program Files (x86)\Microsoft Visual Studio 14.0\VC\bin\CL.exe /c /Zi /nologo /W3 /WX- /sdl /O2 /Oi /Oy- /GL /D _MBCS /Gm- /EHsc /MD /GS /Gy /fp:precise /Zc:wchar_t /Zc:forScope /Zc:inline /Fo"Release\\" /Fd"Release\vc140.pdb" /Gd /TP /analyze- /errorReport:prompt DBConnect.cpp DBStringProcessor.cpp XMLProcessor.cpp main.cpp
         DBConnect.cpp
     1>c:\users\zheyuan gao\documents\github\xml2db\libraries\connector.c++ 1.1\include\cppconn\sqlstring.h(39): warning C4251: “sql::SQLString::realStr”: class“std::basic_string<char,std::char_traits<char>,std::allocator<char>>”需要有 dll 接口由 class“sql::SQLString”的客户端使用
     1>c:\users\zheyuan gao\documents\github\xml2db\libraries\connector.c++ 1.1\include\cppconn\exception.h(61): warning C4251: “sql::SQLException::sql_state”: class“std::basic_string<char,std::char_traits<char>,std::allocator<char>>”需要有 dll 接口由 class“sql::SQLException”的客户端使用
     1>c:\users\zheyuan gao\documents\github\xml2db\libraries\connector.c++ 1.1\include\cppconn\exception.h(145): warning C4251: “sql::SQLUnsupportedOptionException::option”: class“std::basic_string<char,std::char_traits<char>,std::allocator<char>>”需要有 dll 接口由 struct“sql::SQLUnsupportedOptionException”的客户端使用
     1>C:\Users\Zheyuan Gao\Documents\GitHub\xml2db\libraries\Connector.C++ 1.1\include\mysql_connection.h(175): warning C4251: “sql::mysql::MySQL_Connection::proxy”: class“boost::shared_ptr<sql::mysql::NativeAPI::NativeConnectionWrapper>”需要有 dll 接口由 class“sql::mysql::MySQL_Connection”的客户端使用
     1>C:\Users\Zheyuan Gao\Documents\GitHub\xml2db\libraries\Connector.C++ 1.1\include\mysql_connection.h(179): warning C4251: “sql::mysql::MySQL_Connection::service”: class“boost::scoped_ptr<sql::mysql::MySQL_Statement>”需要有 dll 接口由 class“sql::mysql::MySQL_Connection”的客户端使用
     1>C:\Users\Zheyuan Gao\Documents\GitHub\xml2db\libraries\Connector.C++ 1.1\include\mysql_connection.h(181): warning C4251: “sql::mysql::MySQL_Connection::intern”: class“boost::scoped_ptr<sql::mysql::MySQL_ConnectionData>”需要有 dll 接口由 class“sql::mysql::MySQL_Connection”的客户端使用
     1>DBConnect.cpp(19): warning C4101: “exception”: 未引用的局部变量
     1>DBConnect.cpp(43): warning C4018: “<”: 有符号/无符号不匹配
     1>DBConnect.cpp(100): warning C4101: “exception”: 未引用的局部变量
     1>DBConnect.cpp(118): warning C4018: “<”: 有符号/无符号不匹配
     1>DBConnect.cpp(121): warning C4018: “<”: 有符号/无符号不匹配
     1>DBConnect.cpp(132): warning C4018: “<”: 有符号/无符号不匹配
     1>DBConnect.cpp(135): warning C4018: “<”: 有符号/无符号不匹配
     1>DBConnect.cpp(169): warning C4018: “<”: 有符号/无符号不匹配
     1>DBConnect.cpp(172): warning C4018: “<”: 有符号/无符号不匹配
     1>DBConnect.cpp(183): warning C4018: “<”: 有符号/无符号不匹配
     1>DBConnect.cpp(186): warning C4018: “<”: 有符号/无符号不匹配
     1>DBConnect.cpp(212): warning C4018: “<”: 有符号/无符号不匹配
     1>DBConnect.cpp(252): warning C4101: “exception”: 未引用的局部变量
     1>DBConnect.cpp(274): warning C4101: “exception”: 未引用的局部变量
     1>DBConnect.cpp(305): warning C4018: “<”: 有符号/无符号不匹配
     1>DBConnect.cpp(310): warning C4018: “<”: 有符号/无符号不匹配
     1>DBConnect.cpp(317): warning C4101: “exception”: 未引用的局部变量
     1>DBConnect.cpp(336): warning C4101: “exception”: 未引用的局部变量
     1>DBConnect.cpp(350): warning C4018: “<”: 有符号/无符号不匹配
     1>DBConnect.cpp(353): warning C4018: “<”: 有符号/无符号不匹配
     1>DBConnect.cpp(359): warning C4101: “exception”: 未引用的局部变量
         DBStringProcessor.cpp
         XMLProcessor.cpp
     1>c:\users\zheyuan gao\documents\github\xml2db\libraries\connector.c++ 1.1\include\cppconn\sqlstring.h(39): warning C4251: “sql::SQLString::realStr”: class“std::basic_string<char,std::char_traits<char>,std::allocator<char>>”需要有 dll 接口由 class“sql::SQLString”的客户端使用
     1>c:\users\zheyuan gao\documents\github\xml2db\libraries\connector.c++ 1.1\include\cppconn\exception.h(61): warning C4251: “sql::SQLException::sql_state”: class“std::basic_string<char,std::char_traits<char>,std::allocator<char>>”需要有 dll 接口由 class“sql::SQLException”的客户端使用
     1>c:\users\zheyuan gao\documents\github\xml2db\libraries\connector.c++ 1.1\include\cppconn\exception.h(145): warning C4251: “sql::SQLUnsupportedOptionException::option”: class“std::basic_string<char,std::char_traits<char>,std::allocator<char>>”需要有 dll 接口由 struct“sql::SQLUnsupportedOptionException”的客户端使用
     1>C:\Users\Zheyuan Gao\Documents\GitHub\xml2db\libraries\Connector.C++ 1.1\include\mysql_connection.h(175): warning C4251: “sql::mysql::MySQL_Connection::proxy”: class“boost::shared_ptr<sql::mysql::NativeAPI::NativeConnectionWrapper>”需要有 dll 接口由 class“sql::mysql::MySQL_Connection”的客户端使用
     1>C:\Users\Zheyuan Gao\Documents\GitHub\xml2db\libraries\Connector.C++ 1.1\include\mysql_connection.h(179): warning C4251: “sql::mysql::MySQL_Connection::service”: class“boost::scoped_ptr<sql::mysql::MySQL_Statement>”需要有 dll 接口由 class“sql::mysql::MySQL_Connection”的客户端使用
     1>C:\Users\Zheyuan Gao\Documents\GitHub\xml2db\libraries\Connector.C++ 1.1\include\mysql_connection.h(181): warning C4251: “sql::mysql::MySQL_Connection::intern”: class“boost::scoped_ptr<sql::mysql::MySQL_ConnectionData>”需要有 dll 接口由 class“sql::mysql::MySQL_Connection”的客户端使用
     1>XMLProcessor.cpp(87): warning C4018: “<”: 有符号/无符号不匹配
         main.cpp
     1>c:\users\zheyuan gao\documents\github\xml2db\libraries\connector.c++ 1.1\include\cppconn\sqlstring.h(39): warning C4251: “sql::SQLString::realStr”: class“std::basic_string<char,std::char_traits<char>,std::allocator<char>>”需要有 dll 接口由 class“sql::SQLString”的客户端使用
     1>c:\users\zheyuan gao\documents\github\xml2db\libraries\connector.c++ 1.1\include\cppconn\exception.h(61): warning C4251: “sql::SQLException::sql_state”: class“std::basic_string<char,std::char_traits<char>,std::allocator<char>>”需要有 dll 接口由 class“sql::SQLException”的客户端使用
     1>c:\users\zheyuan gao\documents\github\xml2db\libraries\connector.c++ 1.1\include\cppconn\exception.h(145): warning C4251: “sql::SQLUnsupportedOptionException::option”: class“std::basic_string<char,std::char_traits<char>,std::allocator<char>>”需要有 dll 接口由 struct“sql::SQLUnsupportedOptionException”的客户端使用
     1>C:\Users\Zheyuan Gao\Documents\GitHub\xml2db\libraries\Connector.C++ 1.1\include\mysql_connection.h(175): warning C4251: “sql::mysql::MySQL_Connection::proxy”: class“boost::shared_ptr<sql::mysql::NativeAPI::NativeConnectionWrapper>”需要有 dll 接口由 class“sql::mysql::MySQL_Connection”的客户端使用
     1>C:\Users\Zheyuan Gao\Documents\GitHub\xml2db\libraries\Connector.C++ 1.1\include\mysql_connection.h(179): warning C4251: “sql::mysql::MySQL_Connection::service”: class“boost::scoped_ptr<sql::mysql::MySQL_Statement>”需要有 dll 接口由 class“sql::mysql::MySQL_Connection”的客户端使用
     1>C:\Users\Zheyuan Gao\Documents\GitHub\xml2db\libraries\Connector.C++ 1.1\include\mysql_connection.h(181): warning C4251: “sql::mysql::MySQL_Connection::intern”: class“boost::scoped_ptr<sql::mysql::MySQL_ConnectionData>”需要有 dll 接口由 class“sql::mysql::MySQL_Connection”的客户端使用
       Link:
         C:\Program Files (x86)\Microsoft Visual Studio 14.0\VC\bin\link.exe /ERRORREPORT:PROMPT /OUT:"C:\Users\Zheyuan Gao\Documents\GitHub\xml2db\project\XmltoDatabase\Release\XmltoDatabase.exe" /NOLOGO mysqlcppconn.lib pugixml.lib kernel32.lib user32.lib gdi32.lib winspool.lib comdlg32.lib advapi32.lib shell32.lib ole32.lib oleaut32.lib uuid.lib odbc32.lib odbccp32.lib /MANIFEST /MANIFESTUAC:"level='asInvoker' uiAccess='false'" /manifest:embed /Debug /PDB:"C:\Users\Zheyuan Gao\Documents\GitHub\xml2db\project\XmltoDatabase\Release\XmltoDatabase.pdb" /OPT:REF /OPT:ICF /LTCG:incremental /TLBID:1 /DYNAMICBASE /NXCOMPAT /IMPLIB:"C:\Users\Zheyuan Gao\Documents\GitHub\xml2db\project\XmltoDatabase\Release\XmltoDatabase.lib" /MACHINE:X86 /SAFESEH Release\DBConnect.obj
         Release\DBStringProcessor.obj
         Release\main.obj
         Release\XMLProcessor.obj
         正在生成代码
         0 of 945 functions ( 0.0%) were compiled, the rest were copied from previous compilation.
           0 functions were new in current compilation
           0 functions had inline decision re-evaluated but remain unchanged
         已完成代码的生成
         XmltoDatabase.vcxproj -> C:\Users\Zheyuan Gao\Documents\GitHub\xml2db\project\XmltoDatabase\Release\XmltoDatabase.exe
     1>已完成生成项目“C:\Users\Zheyuan Gao\Documents\GitHub\xml2db\project\XmltoDatabase\XmltoDatabase\XmltoDatabase.vcxproj”(Build 个目标)的操作。

已成功生成。

已用时间 00:00:08.58
