生成启动时间为 20-Feb-16 1:31:35 PM。
     1>项目“C:\Users\Zheyuan Gao\Documents\GitHub\xml2db\project\XmltoDatabase\XmltoDatabase\XmltoDatabase.vcxproj”在节点 2 上(Build 个目标)。
     1>ClCompile:
         C:\Program Files (x86)\Microsoft Visual Studio 14.0\VC\bin\CL.exe /c /ZI /nologo /W3 /WX- /sdl /Od /Oy- /D _MBCS /Gm /EHsc /RTC1 /MDd /GS /fp:precise /Zc:wchar_t /Zc:forScope /Zc:inline /Fo"Debug\\" /Fd"Debug\vc140.pdb" /Gd /TP /analyze- /errorReport:prompt DBConnect.cpp DBStringProcessor.cpp XMLProcessor.cpp main.cpp
         main.cpp
     1>c:\users\zheyuan gao\documents\github\xml2db\libraries\connector.c++ 1.1\include\cppconn\sqlstring.h(39): warning C4251: “sql::SQLString::realStr”: class“std::basic_string<char,std::char_traits<char>,std::allocator<char>>”需要有 dll 接口由 class“sql::SQLString”的客户端使用
     1>c:\users\zheyuan gao\documents\github\xml2db\libraries\connector.c++ 1.1\include\cppconn\exception.h(61): warning C4251: “sql::SQLException::sql_state”: class“std::basic_string<char,std::char_traits<char>,std::allocator<char>>”需要有 dll 接口由 class“sql::SQLException”的客户端使用
     1>c:\users\zheyuan gao\documents\github\xml2db\libraries\connector.c++ 1.1\include\cppconn\exception.h(145): warning C4251: “sql::SQLUnsupportedOptionException::option”: class“std::basic_string<char,std::char_traits<char>,std::allocator<char>>”需要有 dll 接口由 struct“sql::SQLUnsupportedOptionException”的客户端使用
         Unknown compiler version - please run the configure tests and report the results
     1>c:\users\zheyuan gao\documents\github\xml2db\libraries\connector.c++ 1.1\include\mysql_connection.h(175): warning C4251: “sql::mysql::MySQL_Connection::proxy”: class“boost::shared_ptr<sql::mysql::NativeAPI::NativeConnectionWrapper>”需要有 dll 接口由 class“sql::mysql::MySQL_Connection”的客户端使用
     1>c:\users\zheyuan gao\documents\github\xml2db\libraries\connector.c++ 1.1\include\mysql_connection.h(179): warning C4251: “sql::mysql::MySQL_Connection::service”: class“boost::scoped_ptr<sql::mysql::MySQL_Statement>”需要有 dll 接口由 class“sql::mysql::MySQL_Connection”的客户端使用
     1>c:\users\zheyuan gao\documents\github\xml2db\libraries\connector.c++ 1.1\include\mysql_connection.h(181): warning C4251: “sql::mysql::MySQL_Connection::intern”: class“boost::scoped_ptr<sql::mysql::MySQL_ConnectionData>”需要有 dll 接口由 class“sql::mysql::MySQL_Connection”的客户端使用
         XMLProcessor.cpp
     1>c:\users\zheyuan gao\documents\github\xml2db\libraries\connector.c++ 1.1\include\cppconn\sqlstring.h(39): warning C4251: “sql::SQLString::realStr”: class“std::basic_string<char,std::char_traits<char>,std::allocator<char>>”需要有 dll 接口由 class“sql::SQLString”的客户端使用
     1>c:\users\zheyuan gao\documents\github\xml2db\libraries\connector.c++ 1.1\include\cppconn\exception.h(61): warning C4251: “sql::SQLException::sql_state”: class“std::basic_string<char,std::char_traits<char>,std::allocator<char>>”需要有 dll 接口由 class“sql::SQLException”的客户端使用
     1>c:\users\zheyuan gao\documents\github\xml2db\libraries\connector.c++ 1.1\include\cppconn\exception.h(145): warning C4251: “sql::SQLUnsupportedOptionException::option”: class“std::basic_string<char,std::char_traits<char>,std::allocator<char>>”需要有 dll 接口由 struct“sql::SQLUnsupportedOptionException”的客户端使用
         Unknown compiler version - please run the configure tests and report the results
     1>c:\users\zheyuan gao\documents\github\xml2db\libraries\connector.c++ 1.1\include\mysql_connection.h(175): warning C4251: “sql::mysql::MySQL_Connection::proxy”: class“boost::shared_ptr<sql::mysql::NativeAPI::NativeConnectionWrapper>”需要有 dll 接口由 class“sql::mysql::MySQL_Connection”的客户端使用
     1>c:\users\zheyuan gao\documents\github\xml2db\libraries\connector.c++ 1.1\include\mysql_connection.h(179): warning C4251: “sql::mysql::MySQL_Connection::service”: class“boost::scoped_ptr<sql::mysql::MySQL_Statement>”需要有 dll 接口由 class“sql::mysql::MySQL_Connection”的客户端使用
     1>c:\users\zheyuan gao\documents\github\xml2db\libraries\connector.c++ 1.1\include\mysql_connection.h(181): warning C4251: “sql::mysql::MySQL_Connection::intern”: class“boost::scoped_ptr<sql::mysql::MySQL_ConnectionData>”需要有 dll 接口由 class“sql::mysql::MySQL_Connection”的客户端使用
     1>c:\users\zheyuan gao\documents\github\xml2db\project\xmltodatabase\xmltodatabase\xmlprocessor.cpp(87): warning C4018: “<”: 有符号/无符号不匹配
         DBStringProcessor.cpp
         DBConnect.cpp
     1>c:\users\zheyuan gao\documents\github\xml2db\libraries\connector.c++ 1.1\include\cppconn\sqlstring.h(39): warning C4251: “sql::SQLString::realStr”: class“std::basic_string<char,std::char_traits<char>,std::allocator<char>>”需要有 dll 接口由 class“sql::SQLString”的客户端使用
     1>c:\users\zheyuan gao\documents\github\xml2db\libraries\connector.c++ 1.1\include\cppconn\exception.h(61): warning C4251: “sql::SQLException::sql_state”: class“std::basic_string<char,std::char_traits<char>,std::allocator<char>>”需要有 dll 接口由 class“sql::SQLException”的客户端使用
     1>c:\users\zheyuan gao\documents\github\xml2db\libraries\connector.c++ 1.1\include\cppconn\exception.h(145): warning C4251: “sql::SQLUnsupportedOptionException::option”: class“std::basic_string<char,std::char_traits<char>,std::allocator<char>>”需要有 dll 接口由 struct“sql::SQLUnsupportedOptionException”的客户端使用
         Unknown compiler version - please run the configure tests and report the results
     1>c:\users\zheyuan gao\documents\github\xml2db\libraries\connector.c++ 1.1\include\mysql_connection.h(175): warning C4251: “sql::mysql::MySQL_Connection::proxy”: class“boost::shared_ptr<sql::mysql::NativeAPI::NativeConnectionWrapper>”需要有 dll 接口由 class“sql::mysql::MySQL_Connection”的客户端使用
     1>c:\users\zheyuan gao\documents\github\xml2db\libraries\connector.c++ 1.1\include\mysql_connection.h(179): warning C4251: “sql::mysql::MySQL_Connection::service”: class“boost::scoped_ptr<sql::mysql::MySQL_Statement>”需要有 dll 接口由 class“sql::mysql::MySQL_Connection”的客户端使用
     1>c:\users\zheyuan gao\documents\github\xml2db\libraries\connector.c++ 1.1\include\mysql_connection.h(181): warning C4251: “sql::mysql::MySQL_Connection::intern”: class“boost::scoped_ptr<sql::mysql::MySQL_ConnectionData>”需要有 dll 接口由 class“sql::mysql::MySQL_Connection”的客户端使用
     1>c:\users\zheyuan gao\documents\github\xml2db\project\xmltodatabase\xmltodatabase\dbconnect.cpp(23): warning C4101: “exception”: 未引用的局部变量
     1>c:\users\zheyuan gao\documents\github\xml2db\project\xmltodatabase\xmltodatabase\dbconnect.cpp(48): warning C4018: “<”: 有符号/无符号不匹配
     1>c:\users\zheyuan gao\documents\github\xml2db\project\xmltodatabase\xmltodatabase\dbconnect.cpp(75): warning C4101: “exception”: 未引用的局部变量
     1>c:\users\zheyuan gao\documents\github\xml2db\project\xmltodatabase\xmltodatabase\dbconnect.cpp(99): warning C4101: “exception”: 未引用的局部变量
     1>c:\users\zheyuan gao\documents\github\xml2db\project\xmltodatabase\xmltodatabase\dbconnect.cpp(128): warning C4018: “<”: 有符号/无符号不匹配
     1>c:\users\zheyuan gao\documents\github\xml2db\project\xmltodatabase\xmltodatabase\dbconnect.cpp(137): warning C4018: “<”: 有符号/无符号不匹配
     1>c:\users\zheyuan gao\documents\github\xml2db\project\xmltodatabase\xmltodatabase\dbconnect.cpp(147): warning C4101: “exception”: 未引用的局部变量
         正在生成代码...
       Link:
         C:\Program Files (x86)\Microsoft Visual Studio 14.0\VC\bin\link.exe /ERRORREPORT:PROMPT /OUT:"C:\Users\Zheyuan Gao\Documents\GitHub\xml2db\project\XmltoDatabase\Debug\XmltoDatabase.exe" /INCREMENTAL /NOLOGO mysqlcppconn.lib pugixml.lib kernel32.lib user32.lib gdi32.lib winspool.lib comdlg32.lib advapi32.lib shell32.lib ole32.lib oleaut32.lib uuid.lib odbc32.lib odbccp32.lib /MANIFEST /MANIFESTUAC:"level='asInvoker' uiAccess='false'" /manifest:embed /Debug /PDB:"C:\Users\Zheyuan Gao\Documents\GitHub\xml2db\project\XmltoDatabase\Debug\XmltoDatabase.pdb" /TLBID:1 /DYNAMICBASE /NXCOMPAT /IMPLIB:"C:\Users\Zheyuan Gao\Documents\GitHub\xml2db\project\XmltoDatabase\Debug\XmltoDatabase.lib" /MACHINE:X86 Debug\DBConnect.obj
         Debug\DBStringProcessor.obj
         Debug\main.obj
         Debug\XMLProcessor.obj
         XmltoDatabase.vcxproj -> C:\Users\Zheyuan Gao\Documents\GitHub\xml2db\project\XmltoDatabase\Debug\XmltoDatabase.exe
     1>已完成生成项目“C:\Users\Zheyuan Gao\Documents\GitHub\xml2db\project\XmltoDatabase\XmltoDatabase\XmltoDatabase.vcxproj”(Build 个目标)的操作。

已成功生成。

已用时间 00:00:06.64
